2026-03-16T00:09:50.487-0300 [DEBUG] [org.gradle.launcher.daemon.bootstrap.DaemonMain] Assuming the daemon was started with following jvm opts: [-XX:MaxMetaspaceSize=384m, -XX:+HeapDumpOnOutOfMemoryError, -Xms256m, -Xmx512m, -Dfile.encoding=UTF-8, -Duser.country=BR, -Duser.language=pt, -Duser.variant]
2026-03-16T00:09:50.645-0300 [DEBUG] [org.gradle.internal.remote.internal.inet.InetAddresses] Adding IP addresses for network interface Realtek PCIe GbE Family Controller-WFP Native MAC Layer LightWeight Filter-0000
2026-03-16T00:09:50.646-0300 [DEBUG] [org.gradle.internal.remote.internal.inet.InetAddresses] Is this a loopback interface? false
2026-03-16T00:09:50.647-0300 [DEBUG] [org.gradle.internal.remote.internal.inet.InetAddresses] Adding IP addresses for network interface Realtek PCIe GbE Family Controller-QoS Packet Scheduler-0000
2026-03-16T00:09:50.647-0300 [DEBUG] [org.gradle.internal.remote.internal.inet.InetAddresses] Is this a loopback interface? false
2026-03-16T00:09:50.647-0300 [DEBUG] [org.gradle.internal.remote.internal.inet.InetAddresses] Adding IP addresses for network interface Realtek PCIe GbE Family Controller-WFP 802.3 MAC Layer LightWeight Filter-0000
2026-03-16T00:09:50.648-0300 [DEBUG] [org.gradle.internal.remote.internal.inet.InetAddresses] Is this a loopback interface? false
2026-03-16T00:09:50.648-0300 [DEBUG] [org.gradle.internal.remote.internal.inet.InetAddresses] Adding IP addresses for network interface WAN Miniport (IP)-WFP Native MAC Layer LightWeight Filter-0000
2026-03-16T00:09:50.648-0300 [DEBUG] [org.gradle.internal.remote.internal.inet.InetAddresses] Is this a loopback interface? false
2026-03-16T00:09:50.648-0300 [DEBUG] [org.gradle.internal.remote.internal.inet.InetAddresses] Adding IP addresses for network interface WAN Miniport (IP)-QoS Packet Scheduler-0000
2026-03-16T00:09:50.649-0300 [DEBUG] [org.gradle.internal.remote.internal.inet.InetAddresses] Is this a loopback interface? false
2026-03-16T00:09:50.649-0300 [DEBUG] [org.gradle.internal.remote.internal.inet.InetAddresses] Adding IP addresses for network interface WAN Miniport (IPv6)-WFP Native MAC Layer LightWeight Filter-0000
2026-03-16T00:09:50.649-0300 [DEBUG] [org.gradle.internal.remote.internal.inet.InetAddresses] Is this a loopback interface? false
2026-03-16T00:09:50.649-0300 [DEBUG] [org.gradle.internal.remote.internal.inet.InetAddresses] Adding IP addresses for network interface WAN Miniport (IPv6)-QoS Packet Scheduler-0000
2026-03-16T00:09:50.649-0300 [DEBUG] [org.gradle.internal.remote.internal.inet.InetAddresses] Is this a loopback interface? false
2026-03-16T00:09:50.649-0300 [DEBUG] [org.gradle.internal.remote.internal.inet.InetAddresses] Adding IP addresses for network interface WAN Miniport (Network Monitor)-WFP Native MAC Layer LightWeight Filter-0000
2026-03-16T00:09:50.650-0300 [DEBUG] [org.gradle.internal.remote.internal.inet.InetAddresses] Is this a loopback interface? false
2026-03-16T00:09:50.650-0300 [DEBUG] [org.gradle.internal.remote.internal.inet.InetAddresses] Adding IP addresses for network interface WAN Miniport (Network Monitor)-QoS Packet Scheduler-0000
2026-03-16T00:09:50.650-0300 [DEBUG] [org.gradle.internal.remote.internal.inet.InetAddresses] Is this a loopback interface? false
2026-03-16T00:09:50.650-0300 [DEBUG] [org.gradle.internal.remote.internal.inet.InetAddresses] Adding IP addresses for network interface Microsoft Kernel Debug Network Adapter
2026-03-16T00:09:50.651-0300 [DEBUG] [org.gradle.internal.remote.internal.inet.InetAddresses] Is this a loopback interface? false
2026-03-16T00:09:50.651-0300 [DEBUG] [org.gradle.internal.remote.internal.inet.InetAddresses] Adding IP addresses for network interface Realtek PCIe GbE Family Controller
2026-03-16T00:09:50.651-0300 [DEBUG] [org.gradle.internal.remote.internal.inet.InetAddresses] Is this a loopback interface? false
2026-03-16T00:09:50.652-0300 [DEBUG] [org.gradle.internal.remote.internal.inet.InetAddresses] Adding remote address /fe80:0:0:0:e770:ec18:a4ab:76fe%ethernet_32769
2026-03-16T00:09:50.652-0300 [DEBUG] [org.gradle.internal.remote.internal.inet.InetAddresses] Adding remote address /2804:29b8:517d:22ab:85b4:2afb:2617:9cf
2026-03-16T00:09:50.652-0300 [DEBUG] [org.gradle.internal.remote.internal.inet.InetAddresses] Adding remote address /2804:29b8:517d:22ab:295f:558c:cd8f:7c29
2026-03-16T00:09:50.652-0300 [DEBUG] [org.gradle.internal.remote.internal.inet.InetAddresses] Adding remote address /192.168.0.8
2026-03-16T00:09:50.652-0300 [DEBUG] [org.gradle.internal.remote.internal.inet.InetAddresses] Adding IP addresses for network interface WAN Miniport (IP)
2026-03-16T00:09:50.653-0300 [DEBUG] [org.gradle.internal.remote.internal.inet.InetAddresses] Is this a loopback interface? false
2026-03-16T00:09:50.653-0300 [DEBUG] [org.gradle.internal.remote.internal.inet.InetAddresses] Adding IP addresses for network interface WAN Miniport (IPv6)
2026-03-16T00:09:50.653-0300 [DEBUG] [org.gradle.internal.remote.internal.inet.InetAddresses] Is this a loopback interface? false
2026-03-16T00:09:50.653-0300 [DEBUG] [org.gradle.internal.remote.internal.inet.InetAddresses] Adding IP addresses for network interface WAN Miniport (Network Monitor)
2026-03-16T00:09:50.653-0300 [DEBUG] [org.gradle.internal.remote.internal.inet.InetAddresses] Is this a loopback interface? false
2026-03-16T00:09:50.654-0300 [DEBUG] [org.gradle.internal.remote.internal.inet.InetAddresses] Adding IP addresses for network interface WAN Miniport (PPPOE)
2026-03-16T00:09:50.654-0300 [DEBUG] [org.gradle.internal.remote.internal.inet.InetAddresses] Is this a loopback interface? false
2026-03-16T00:09:50.654-0300 [DEBUG] [org.gradle.internal.remote.internal.inet.InetAddresses] Adding IP addresses for network interface Software Loopback Interface 1
2026-03-16T00:09:50.655-0300 [DEBUG] [org.gradle.internal.remote.internal.inet.InetAddresses] Is this a loopback interface? true
2026-03-16T00:09:50.655-0300 [DEBUG] [org.gradle.internal.remote.internal.inet.InetAddresses] Adding loopback address /0:0:0:0:0:0:0:1
2026-03-16T00:09:50.655-0300 [DEBUG] [org.gradle.internal.remote.internal.inet.InetAddresses] Adding loopback address /127.0.0.1
2026-03-16T00:09:50.655-0300 [DEBUG] [org.gradle.internal.remote.internal.inet.InetAddresses] Adding IP addresses for network interface Microsoft Teredo Tunneling Adapter
2026-03-16T00:09:50.655-0300 [DEBUG] [org.gradle.internal.remote.internal.inet.InetAddresses] Is this a loopback interface? false
2026-03-16T00:09:50.656-0300 [DEBUG] [org.gradle.internal.remote.internal.inet.InetAddresses] Adding IP addresses for network interface Microsoft IP-HTTPS Platform Adapter
2026-03-16T00:09:50.656-0300 [DEBUG] [org.gradle.internal.remote.internal.inet.InetAddresses] Is this a loopback interface? false
2026-03-16T00:09:50.656-0300 [DEBUG] [org.gradle.internal.remote.internal.inet.InetAddresses] Adding IP addresses for network interface Microsoft 6to4 Adapter
2026-03-16T00:09:50.656-0300 [DEBUG] [org.gradle.internal.remote.internal.inet.InetAddresses] Is this a loopback interface? false
2026-03-16T00:09:50.656-0300 [DEBUG] [org.gradle.internal.remote.internal.inet.InetAddresses] Adding IP addresses for network interface WAN Miniport (SSTP)
2026-03-16T00:09:50.657-0300 [DEBUG] [org.gradle.internal.remote.internal.inet.InetAddresses] Is this a loopback interface? false
2026-03-16T00:09:50.657-0300 [DEBUG] [org.gradle.internal.remote.internal.inet.InetAddresses] Adding IP addresses for network interface WAN Miniport (IKEv2)
2026-03-16T00:09:50.657-0300 [DEBUG] [org.gradle.internal.remote.internal.inet.InetAddresses] Is this a loopback interface? false
2026-03-16T00:09:50.657-0300 [DEBUG] [org.gradle.internal.remote.internal.inet.InetAddresses] Adding IP addresses for network interface WAN Miniport (L2TP)
2026-03-16T00:09:50.657-0300 [DEBUG] [org.gradle.internal.remote.internal.inet.InetAddresses] Is this a loopback interface? false
2026-03-16T00:09:50.658-0300 [DEBUG] [org.gradle.internal.remote.internal.inet.InetAddresses] Adding IP addresses for network interface WAN Miniport (PPTP)
2026-03-16T00:09:50.658-0300 [DEBUG] [org.gradle.internal.remote.internal.inet.InetAddresses] Is this a loopback interface? false
2026-03-16T00:09:50.711-0300 [INFO] [org.gradle.launcher.daemon.server.Daemon] start() called on daemon - DefaultDaemonContext[uid=09bba9d4-82a4-4797-bf18-79cbb395fadb,javaHome=C:\Program Files\Java\jdk-21.0.10,javaVersion=21,javaVendor=Oracle Corporation,daemonRegistryDir=C:\Users\Windows\Desktop\distributed-system\.gradle-cache\daemon,pid=14528,idleTimeout=120000,priority=NORMAL,applyInstrumentationAgent=true,nativeServicesMode=ENABLED,daemonOpts=-XX:MaxMetaspaceSize=384m,-XX:+HeapDumpOnOutOfMemoryError,-Xms256m,-Xmx512m,-Dfile.encoding=UTF-8,-Duser.country=BR,-Duser.language=pt,-Duser.variant]
2026-03-16T00:09:50.759-0300 [DEBUG] [org.gradle.internal.remote.internal.inet.TcpIncomingConnector] Listening on [d4f2d2ba-62fc-43d7-b46d-dd18fcfafba6 port:52430, addresses:[localhost/127.0.0.1]].
2026-03-16T00:09:50.774-0300 [DEBUG] [org.gradle.launcher.daemon.server.Daemon] Daemon starting at: Mon Mar 16 00:09:50 BRT 2026, with address: [d4f2d2ba-62fc-43d7-b46d-dd18fcfafba6 port:52430, addresses:[localhost/127.0.0.1]]
2026-03-16T00:09:50.775-0300 [INFO] [org.gradle.launcher.daemon.server.DaemonRegistryUpdater] Advertising the daemon address to the clients: [d4f2d2ba-62fc-43d7-b46d-dd18fcfafba6 port:52430, addresses:[localhost/127.0.0.1]]
2026-03-16T00:09:50.775-0300 [DEBUG] [org.gradle.launcher.daemon.server.DaemonRegistryUpdater] Advertised daemon context: DefaultDaemonContext[uid=09bba9d4-82a4-4797-bf18-79cbb395fadb,javaHome=C:\Program Files\Java\jdk-21.0.10,javaVersion=21,javaVendor=Oracle Corporation,daemonRegistryDir=C:\Users\Windows\Desktop\distributed-system\.gradle-cache\daemon,pid=14528,idleTimeout=120000,priority=NORMAL,applyInstrumentationAgent=true,nativeServicesMode=ENABLED,daemonOpts=-XX:MaxMetaspaceSize=384m,-XX:+HeapDumpOnOutOfMemoryError,-Xms256m,-Xmx512m,-Dfile.encoding=UTF-8,-Duser.country=BR,-Duser.language=pt,-Duser.variant]
2026-03-16T00:09:50.776-0300 [DEBUG] [org.gradle.launcher.daemon.registry.PersistentDaemonRegistry] Storing daemon address: [d4f2d2ba-62fc-43d7-b46d-dd18fcfafba6 port:52430, addresses:[localhost/127.0.0.1]], context: DefaultDaemonContext[uid=09bba9d4-82a4-4797-bf18-79cbb395fadb,javaHome=C:\Program Files\Java\jdk-21.0.10,javaVersion=21,javaVendor=Oracle Corporation,daemonRegistryDir=C:\Users\Windows\Desktop\distributed-system\.gradle-cache\daemon,pid=14528,idleTimeout=120000,priority=NORMAL,applyInstrumentationAgent=true,nativeServicesMode=ENABLED,daemonOpts=-XX:MaxMetaspaceSize=384m,-XX:+HeapDumpOnOutOfMemoryError,-Xms256m,-Xmx512m,-Dfile.encoding=UTF-8,-Duser.country=BR,-Duser.language=pt,-Duser.variant]
2026-03-16T00:09:50.787-0300 [DEBUG] [org.gradle.cache.internal.DefaultFileLockManager] Waiting to acquire exclusive lock on daemon addresses registry.
2026-03-16T00:09:50.792-0300 [DEBUG] [org.gradle.cache.internal.DefaultFileLockManager] Lock acquired on daemon addresses registry.
2026-03-16T00:09:50.797-0300 [DEBUG] [org.gradle.cache.internal.DefaultFileLockManager] Releasing lock on daemon addresses registry.
2026-03-16T00:09:50.798-0300 [LIFECYCLE] [org.gradle.launcher.daemon.server.Daemon] Daemon server started.
2026-03-16T00:09:50.799-0300 [DEBUG] [org.gradle.launcher.daemon.bootstrap.DaemonStartupCommunication] Completed writing the daemon greeting. Closing streams...
2026-03-16T00:09:50.808-0300 [DEBUG] [org.gradle.launcher.daemon.server.Daemon] stopOnExpiration() called on daemon
2026-03-16T00:09:50.809-0300 [DEBUG] [org.gradle.launcher.daemon.server.Daemon] awaitExpiration() called on daemon
2026-03-16T00:09:50.810-0300 [DEBUG] [org.gradle.launcher.daemon.server.DaemonStateCoordinator] daemon is running. Sleeping until state changes.
2026-03-16T00:09:50.819-0300 [DEBUG] [org.gradle.internal.remote.internal.inet.TcpIncomingConnector] Accepted connection from /127.0.0.1:52431 to /127.0.0.1:52430.
2026-03-16T00:09:50.885-0300 [DEBUG] [org.gradle.launcher.daemon.server.SynchronizedDispatchConnection] thread 33: received class org.gradle.launcher.daemon.protocol.Build
2026-03-16T00:09:50.885-0300 [DEBUG] [org.gradle.launcher.daemon.server.DefaultDaemonConnection] thread 33: Received non-IO message from client: Build{id=6219821f-bdec-4351-a7a1-5d9147cf2124, currentDir=C:\Users\Windows\Desktop\distributed-system\server-replica2}
2026-03-16T00:09:50.885-0300 [INFO] [org.gradle.launcher.daemon.server.DefaultIncomingConnectionHandler] Received command: Build{id=6219821f-bdec-4351-a7a1-5d9147cf2124, currentDir=C:\Users\Windows\Desktop\distributed-system\server-replica2}.
2026-03-16T00:09:50.886-0300 [DEBUG] [org.gradle.launcher.daemon.server.DefaultIncomingConnectionHandler] Starting executing command: Build{id=6219821f-bdec-4351-a7a1-5d9147cf2124, currentDir=C:\Users\Windows\Desktop\distributed-system\server-replica2} with connection: socket connection from /127.0.0.1:52430 to /127.0.0.1:52431.
2026-03-16T00:09:50.889-0300 [DEBUG] [org.gradle.launcher.daemon.server.DaemonStateCoordinator] Command execution: started DaemonCommandExecution[command = Build{id=6219821f-bdec-4351-a7a1-5d9147cf2124, currentDir=C:\Users\Windows\Desktop\distributed-system\server-replica2}, connection = DefaultDaemonConnection: socket connection from /127.0.0.1:52430 to /127.0.0.1:52431] after 0.0022333333333333333 minutes of idle
2026-03-16T00:09:50.889-0300 [INFO] [org.gradle.launcher.daemon.server.DaemonRegistryUpdater] Marking the daemon as busy, address: [d4f2d2ba-62fc-43d7-b46d-dd18fcfafba6 port:52430, addresses:[localhost/127.0.0.1]]
2026-03-16T00:09:50.889-0300 [DEBUG] [org.gradle.launcher.daemon.registry.PersistentDaemonRegistry] Marking busy by address: [d4f2d2ba-62fc-43d7-b46d-dd18fcfafba6 port:52430, addresses:[localhost/127.0.0.1]]
2026-03-16T00:09:50.890-0300 [DEBUG] [org.gradle.cache.internal.DefaultFileLockManager] Waiting to acquire exclusive lock on daemon addresses registry.
2026-03-16T00:09:50.891-0300 [DEBUG] [org.gradle.cache.internal.DefaultFileLockManager] Lock acquired on daemon addresses registry.
2026-03-16T00:09:50.892-0300 [DEBUG] [org.gradle.cache.internal.DefaultFileLockManager] Releasing lock on daemon addresses registry.
2026-03-16T00:09:50.893-0300 [DEBUG] [org.gradle.launcher.daemon.server.DaemonStateCoordinator] resetting idle timer
2026-03-16T00:09:50.893-0300 [DEBUG] [org.gradle.launcher.daemon.server.DaemonStateCoordinator] daemon is running. Sleeping until state changes.
2026-03-16T00:09:50.894-0300 [INFO] [org.gradle.launcher.daemon.server.exec.StartBuildOrRespondWithBusy] Daemon is about to start building Build{id=6219821f-bdec-4351-a7a1-5d9147cf2124, currentDir=C:\Users\Windows\Desktop\distributed-system\server-replica2}. Dispatching build started information...
2026-03-16T00:09:50.894-0300 [DEBUG] [org.gradle.launcher.daemon.server.SynchronizedDispatchConnection] thread 35: dispatching org.gradle.launcher.daemon.protocol.BuildStarted@549200f4
2026-03-16T00:09:50.896-0300 [DEBUG] [org.gradle.launcher.daemon.server.exec.EstablishBuildEnvironment] Configuring env variables: [USERDOMAIN_ROAMINGPROFILE, PROCESSOR_LEVEL, SESSIONNAME, ALLUSERSPROFILE, PROCESSOR_ARCHITECTURE, VSCODE_PYTHON_AUTOACTIVATE_GUARD, VSCODE_GIT_IPC_HANDLE, PSModulePath, SystemDrive, =ExitCode, VSCODE_INJECTION, COLORTERM, DIRNAME, USERNAME, VSCODE_GIT_ASKPASS_NODE, TERM_PROGRAM_VERSION, ProgramFiles(x86), GIT_ASKPASS, CHROME_CRASHPAD_PIPE_NAME, FPS_BROWSER_USER_PROFILE_STRING, APP_HOME, DEFAULT_JVM_OPTS, PATHEXT, DriverData, OneDriveConsumer, ProgramData, ProgramW6432, HOMEPATH, PROCESSOR_IDENTIFIER, ProgramFiles, PUBLIC, windir, LOCALAPPDATA, USERDOMAIN, FPS_BROWSER_APP_PROFILE_STRING, LOGONSERVER, PROMPT, LANG, VSCODE_GIT_ASKPASS_MAIN, OneDrive, =C:, APPDATA, GRADLE_USER_HOME, JAVA_EXE, VSCODE_GIT_ASKPASS_EXTRA_ARGS, CommonProgramFiles, Path, OS, TERM_PROGRAM, VSCODE_JDWP_ADAPTER_ENDPOINTS, COMPUTERNAME, PROCESSOR_REVISION, CommonProgramW6432, ComSpec, APP_BASE_NAME, SystemRoot, TEMP, HOMEDRIVE, USERPROFILE, TMP, CommonProgramFiles(x86), NUMBER_OF_PROCESSORS, VSCODE_JAVA_EXEC]
2026-03-16T00:09:50.902-0300 [DEBUG] [org.gradle.launcher.daemon.server.exec.LogToClient] About to start relaying all logs to the client via the connection.
2026-03-16T00:09:50.902-0300 [INFO] [org.gradle.launcher.daemon.server.exec.LogToClient] The client will now receive all logging from the daemon (pid: 14528). The daemon log file: C:\Users\Windows\Desktop\distributed-system\.gradle-cache\daemon\9.3.1\daemon-14528.out.log
2026-03-16T00:09:50.904-0300 [DEBUG] [org.gradle.launcher.daemon.server.exec.RequestStopIfSingleUsedDaemon] Requesting daemon stop after processing Build{id=6219821f-bdec-4351-a7a1-5d9147cf2124, currentDir=C:\Users\Windows\Desktop\distributed-system\server-replica2}
2026-03-16T00:09:50.904-0300 [LIFECYCLE] [org.gradle.launcher.daemon.server.DaemonStateCoordinator] Daemon will be stopped at the end of the build 
2026-03-16T00:09:50.904-0300 [DEBUG] [org.gradle.launcher.daemon.server.DaemonStateCoordinator] Stop as soon as idle requested. The daemon is busy
2026-03-16T00:09:50.904-0300 [DEBUG] [org.gradle.launcher.daemon.server.DaemonStateCoordinator] daemon stop has been requested. Sleeping until state changes.
2026-03-16T00:09:50.908-0300 [DEBUG] [org.gradle.launcher.daemon.server.exec.ExecuteBuild] The daemon has started executing the build.
2026-03-16T00:09:50.909-0300 [DEBUG] [org.gradle.launcher.daemon.server.exec.ExecuteBuild] Executing build with daemon context: DefaultDaemonContext[uid=09bba9d4-82a4-4797-bf18-79cbb395fadb,javaHome=C:\Program Files\Java\jdk-21.0.10,javaVersion=21,javaVendor=Oracle Corporation,daemonRegistryDir=C:\Users\Windows\Desktop\distributed-system\.gradle-cache\daemon,pid=14528,idleTimeout=120000,priority=NORMAL,applyInstrumentationAgent=true,nativeServicesMode=ENABLED,daemonOpts=-XX:MaxMetaspaceSize=384m,-XX:+HeapDumpOnOutOfMemoryError,-Xms256m,-Xmx512m,-Dfile.encoding=UTF-8,-Duser.country=BR,-Duser.language=pt,-Duser.variant]

BUILD SUCCESSFUL in 11s
4 actionable tasks: 4 up-to-date
Consider enabling configuration cache to speed up this build: https://docs.gradle.org/9.3.1/userguide/configuration_cache_enabling.html
2026-03-16T00:09:59.006-0300 [DEBUG] [org.gradle.launcher.daemon.server.exec.ExecuteBuild] The daemon has finished executing the build.
2026-03-16T00:09:59.023-0300 [DEBUG] [org.gradle.launcher.daemon.server.DaemonStateCoordinator] daemon stop has been requested. Sleeping until state changes.
2026-03-16T00:09:59.023-0300 [DEBUG] [org.gradle.launcher.daemon.server.DaemonStateCoordinator] Command execution: finished waiting for DaemonCommandExecution[command = Build{id=6219821f-bdec-4351-a7a1-5d9147cf2124, currentDir=C:\Users\Windows\Desktop\distributed-system\server-replica2}, connection = DefaultDaemonConnection: socket connection from /127.0.0.1:52430 to /127.0.0.1:52431]. Result org.gradle.launcher.daemon.server.DaemonStateCoordinator@759f2b0 with state StopRequested
2026-03-16T00:09:59.024-0300 [DEBUG] [org.gradle.launcher.daemon.server.DaemonStateCoordinator] Command execution: completed DaemonCommandExecution[command = Build{id=6219821f-bdec-4351-a7a1-5d9147cf2124, currentDir=C:\Users\Windows\Desktop\distributed-system\server-replica2}, connection = DefaultDaemonConnection: socket connection from /127.0.0.1:52430 to /127.0.0.1:52431]
2026-03-16T00:09:59.024-0300 [DEBUG] [org.gradle.launcher.daemon.server.DaemonStateCoordinator] resetting idle timer
2026-03-16T00:09:59.024-0300 [DEBUG] [org.gradle.launcher.daemon.server.DaemonStateCoordinator] Marking daemon stopped due to command completed and stop requested. The daemon is not running a build
2026-03-16T00:09:59.024-0300 [DEBUG] [org.gradle.launcher.daemon.server.DaemonStateCoordinator] daemon has stopped.
2026-03-16T00:09:59.024-0300 [DEBUG] [org.gradle.launcher.daemon.server.exec.ReturnResult] Daemon is dispatching the build result: Success[value=org.gradle.launcher.exec.BuildActionResult@1ff808e7]
2026-03-16T00:09:59.024-0300 [DEBUG] [org.gradle.launcher.daemon.server.SynchronizedDispatchConnection] thread 32: dispatching Success[value=org.gradle.launcher.exec.BuildActionResult@1ff808e7]
2026-03-16T00:09:59.024-0300 [DEBUG] [org.gradle.launcher.daemon.server.Daemon] stop() called on daemon
2026-03-16T00:09:59.024-0300 [INFO] [org.gradle.launcher.daemon.server.Daemon] Stop requested. Daemon is removing its presence from the registry...
2026-03-16T00:09:59.025-0300 [DEBUG] [org.gradle.launcher.daemon.server.DaemonRegistryUpdater] Removing our presence to clients, eg. removing this address from the registry: [d4f2d2ba-62fc-43d7-b46d-dd18fcfafba6 port:52430, addresses:[localhost/127.0.0.1]]
2026-03-16T00:09:59.025-0300 [DEBUG] [org.gradle.launcher.daemon.registry.PersistentDaemonRegistry] Removing daemon address: [d4f2d2ba-62fc-43d7-b46d-dd18fcfafba6 port:52430, addresses:[localhost/127.0.0.1]]
2026-03-16T00:09:59.025-0300 [DEBUG] [org.gradle.launcher.daemon.server.SynchronizedDispatchConnection] thread 33: received class org.gradle.launcher.daemon.protocol.CloseInput
2026-03-16T00:09:59.026-0300 [DEBUG] [org.gradle.launcher.daemon.server.DefaultDaemonConnection] thread 33: Received IO message from client: org.gradle.launcher.daemon.protocol.CloseInput@16c7eadb
2026-03-16T00:09:59.026-0300 [DEBUG] [org.gradle.launcher.daemon.server.SynchronizedDispatchConnection] thread 33: received class org.gradle.launcher.daemon.protocol.Finished
2026-03-16T00:09:59.026-0300 [DEBUG] [org.gradle.launcher.daemon.server.exec.CleanUpVirtualFileSystemAfterBuild] Cleaning virtual file system after build finished
2026-03-16T00:09:59.026-0300 [DEBUG] [org.gradle.launcher.daemon.server.DefaultIncomingConnectionHandler] Finishing executing command: Build{id=6219821f-bdec-4351-a7a1-5d9147cf2124, currentDir=C:\Users\Windows\Desktop\distributed-system\server-replica2}
2026-03-16T00:09:59.026-0300 [DEBUG] [org.gradle.launcher.daemon.server.DefaultDaemonConnection] thread 33: Received non-IO message from client: org.gradle.launcher.daemon.protocol.Finished@134d59b2
2026-03-16T00:09:59.027-0300 [DEBUG] [org.gradle.launcher.daemon.server.DefaultIncomingConnectionHandler] Received finished message: org.gradle.launcher.daemon.protocol.Finished@134d59b2
2026-03-16T00:09:59.027-0300 [DEBUG] [org.gradle.cache.internal.DefaultFileLockManager] Waiting to acquire exclusive lock on daemon addresses registry.
2026-03-16T00:09:59.027-0300 [DEBUG] [org.gradle.launcher.daemon.server.SynchronizedDispatchConnection] thread 32: stopping connection
2026-03-16T00:09:59.027-0300 [DEBUG] [org.gradle.cache.internal.DefaultFileLockManager] Lock acquired on daemon addresses registry.
2026-03-16T00:09:59.028-0300 [DEBUG] [org.gradle.internal.remote.internal.inet.SocketConnection] Discarding EOFException: java.io.EOFException
2026-03-16T00:09:59.029-0300 [DEBUG] [org.gradle.launcher.daemon.server.SynchronizedDispatchConnection] thread 33: received null
2026-03-16T00:09:59.029-0300 [DEBUG] [org.gradle.launcher.daemon.server.DefaultDaemonConnection] thread 33: Received end-of-input from client.
2026-03-16T00:09:59.029-0300 [DEBUG] [org.gradle.cache.internal.DefaultFileLockManager] Releasing lock on daemon addresses registry.
2026-03-16T00:09:59.029-0300 [DEBUG] [org.gradle.launcher.daemon.server.SynchronizedDispatchConnection] thread 32: stopping connection
2026-03-16T00:09:59.029-0300 [DEBUG] [org.gradle.launcher.daemon.server.DaemonRegistryUpdater] Address removed from registry.
2026-03-16T00:09:59.036-0300 [DEBUG] [org.gradle.cache.internal.DefaultCacheCleanupExecutor] jars (C:\Users\Windows\Desktop\distributed-system\.gradle-cache\caches\jars-9) has last been fully cleaned up 0 hours ago
2026-03-16T00:09:59.037-0300 [DEBUG] [org.gradle.cache.internal.DefaultCacheCleanupExecutor] Skipping cleanup for jars (C:\Users\Windows\Desktop\distributed-system\.gradle-cache\caches\jars-9) as it is not yet due
2026-03-16T00:09:59.037-0300 [DEBUG] [org.gradle.cache.internal.DefaultCacheCoordinator] Cache jars (C:\Users\Windows\Desktop\distributed-system\.gradle-cache\caches\jars-9) was closed 3 times.
2026-03-16T00:09:59.037-0300 [DEBUG] [org.gradle.cache.internal.DefaultCacheCoordinator] Cache file content cache (C:\Users\Windows\Desktop\distributed-system\.gradle-cache\caches\9.3.1\fileContent) was closed 2 times.
2026-03-16T00:09:59.037-0300 [DEBUG] [org.gradle.internal.watch.vfs.impl.WatchingVirtualFileSystem] Closing VFS, dropping state
2026-03-16T00:09:59.044-0300 [DEBUG] [org.gradle.internal.watch.registry.impl.DefaultFileWatcherRegistry] Finished listening to file system change events
2026-03-16T00:09:59.044-0300 [DEBUG] [org.gradle.cache.internal.DefaultCacheCoordinator] Cache Generated Gradle JARs cache (C:\Users\Windows\Desktop\distributed-system\.gradle-cache\caches\9.3.1\generated-gradle-jars) was closed 0 times.
2026-03-16T00:09:59.045-0300 [DEBUG] [org.gradle.cache.internal.LockOnDemandCrossProcessCacheAccess] Releasing file lock for artifact cache (C:\Users\Windows\Desktop\distributed-system\.gradle-cache\caches\modules-2)
2026-03-16T00:09:59.045-0300 [DEBUG] [org.gradle.cache.internal.btree.BTreePersistentIndexedCache] Closing cache module-artifact.bin (C:\Users\Windows\Desktop\distributed-system\.gradle-cache\caches\modules-2\metadata-2.107\module-artifact.bin)
2026-03-16T00:09:59.045-0300 [DEBUG] [org.gradle.cache.internal.btree.BTreePersistentIndexedCache] Closing cache module-metadata.bin (C:\Users\Windows\Desktop\distributed-system\.gradle-cache\caches\modules-2\metadata-2.107\module-metadata.bin)
2026-03-16T00:09:59.045-0300 [DEBUG] [org.gradle.cache.internal.DefaultFileLockManager] Releasing lock on artifact cache (C:\Users\Windows\Desktop\distributed-system\.gradle-cache\caches\modules-2).
2026-03-16T00:09:59.046-0300 [DEBUG] [org.gradle.cache.internal.DefaultCacheCleanupExecutor] artifact cache (C:\Users\Windows\Desktop\distributed-system\.gradle-cache\caches\modules-2) has last been fully cleaned up 0 hours ago
2026-03-16T00:09:59.046-0300 [DEBUG] [org.gradle.cache.internal.DefaultCacheCleanupExecutor] Skipping cleanup for artifact cache (C:\Users\Windows\Desktop\distributed-system\.gradle-cache\caches\modules-2) as it is not yet due
2026-03-16T00:09:59.046-0300 [DEBUG] [org.gradle.cache.internal.DefaultCacheCoordinator] Cache artifact cache (C:\Users\Windows\Desktop\distributed-system\.gradle-cache\caches\modules-2) was closed 4 times.
2026-03-16T00:09:59.046-0300 [DEBUG] [org.gradle.cache.internal.LockOnDemandCrossProcessCacheAccess] Releasing file lock for cache directory f4582b4c1d0ad32e72c895414ce32817 (C:\Users\Windows\Desktop\distributed-system\.gradle-cache\caches\9.3.1\groovy-dsl\f4582b4c1d0ad32e72c895414ce32817)
2026-03-16T00:09:59.046-0300 [DEBUG] [org.gradle.cache.internal.DefaultFileLockManager] Releasing lock on cache directory f4582b4c1d0ad32e72c895414ce32817 (C:\Users\Windows\Desktop\distributed-system\.gradle-cache\caches\9.3.1\groovy-dsl\f4582b4c1d0ad32e72c895414ce32817).
2026-03-16T00:09:59.046-0300 [DEBUG] [org.gradle.cache.internal.LockOnDemandCrossProcessCacheAccess] Releasing file lock for cache directory 67e78b70d8f6fafad1bda5bcafbae7d6 (C:\Users\Windows\Desktop\distributed-system\.gradle-cache\caches\9.3.1\groovy-dsl\67e78b70d8f6fafad1bda5bcafbae7d6)
2026-03-16T00:09:59.046-0300 [DEBUG] [org.gradle.cache.internal.DefaultFileLockManager] Releasing lock on cache directory 67e78b70d8f6fafad1bda5bcafbae7d6 (C:\Users\Windows\Desktop\distributed-system\.gradle-cache\caches\9.3.1\groovy-dsl\67e78b70d8f6fafad1bda5bcafbae7d6).
2026-03-16T00:09:59.047-0300 [DEBUG] [org.gradle.cache.internal.LockOnDemandCrossProcessCacheAccess] Releasing file lock for cache directory 8afd44c4aa4146e3609cded969d8df99 (C:\Users\Windows\Desktop\distributed-system\.gradle-cache\caches\9.3.1\groovy-dsl\8afd44c4aa4146e3609cded969d8df99)
2026-03-16T00:09:59.047-0300 [DEBUG] [org.gradle.cache.internal.DefaultFileLockManager] Releasing lock on cache directory 8afd44c4aa4146e3609cded969d8df99 (C:\Users\Windows\Desktop\distributed-system\.gradle-cache\caches\9.3.1\groovy-dsl\8afd44c4aa4146e3609cded969d8df99).
2026-03-16T00:09:59.047-0300 [DEBUG] [org.gradle.cache.internal.LockOnDemandCrossProcessCacheAccess] Releasing file lock for cache directory d7a54f7b917304ef3f7b654c90e2bc1a (C:\Users\Windows\Desktop\distributed-system\.gradle-cache\caches\9.3.1\groovy-dsl\d7a54f7b917304ef3f7b654c90e2bc1a)
2026-03-16T00:09:59.047-0300 [DEBUG] [org.gradle.cache.internal.DefaultFileLockManager] Releasing lock on cache directory d7a54f7b917304ef3f7b654c90e2bc1a (C:\Users\Windows\Desktop\distributed-system\.gradle-cache\caches\9.3.1\groovy-dsl\d7a54f7b917304ef3f7b654c90e2bc1a).
2026-03-16T00:09:59.047-0300 [DEBUG] [org.gradle.cache.internal.DefaultCacheCleanupExecutor] groovy-dsl (C:\Users\Windows\Desktop\distributed-system\.gradle-cache\caches\9.3.1\groovy-dsl) has last been fully cleaned up 0 hours ago
2026-03-16T00:09:59.047-0300 [DEBUG] [org.gradle.cache.internal.DefaultCacheCleanupExecutor] Skipping cleanup for groovy-dsl (C:\Users\Windows\Desktop\distributed-system\.gradle-cache\caches\9.3.1\groovy-dsl) as it is not yet due
2026-03-16T00:09:59.048-0300 [DEBUG] [org.gradle.cache.internal.DefaultCacheCoordinator] Cache groovy-dsl (C:\Users\Windows\Desktop\distributed-system\.gradle-cache\caches\9.3.1\groovy-dsl) was closed 0 times.
2026-03-16T00:09:59.048-0300 [DEBUG] [org.gradle.cache.internal.DefaultCacheCleanupExecutor] Artifact transforms cache (C:\Users\Windows\Desktop\distributed-system\.gradle-cache\caches\9.3.1\transforms) has last been fully cleaned up 0 hours ago
2026-03-16T00:09:59.049-0300 [DEBUG] [org.gradle.cache.internal.DefaultCacheCleanupExecutor] Skipping cleanup for Artifact transforms cache (C:\Users\Windows\Desktop\distributed-system\.gradle-cache\caches\9.3.1\transforms) as it is not yet due
2026-03-16T00:09:59.049-0300 [DEBUG] [org.gradle.cache.internal.DefaultCacheCoordinator] Cache Artifact transforms cache (C:\Users\Windows\Desktop\distributed-system\.gradle-cache\caches\9.3.1\transforms) was closed 0 times.
2026-03-16T00:09:59.049-0300 [DEBUG] [org.gradle.cache.internal.LockOnDemandCrossProcessCacheAccess] Releasing file lock for journal cache (C:\Users\Windows\Desktop\distributed-system\.gradle-cache\caches\journal-1)
2026-03-16T00:09:59.049-0300 [DEBUG] [org.gradle.cache.internal.btree.BTreePersistentIndexedCache] Closing cache file-access.bin (C:\Users\Windows\Desktop\distributed-system\.gradle-cache\caches\journal-1\file-access.bin)
2026-03-16T00:09:59.049-0300 [DEBUG] [org.gradle.cache.internal.DefaultFileLockManager] Releasing lock on journal cache (C:\Users\Windows\Desktop\distributed-system\.gradle-cache\caches\journal-1).
2026-03-16T00:09:59.049-0300 [DEBUG] [org.gradle.cache.internal.locklistener.DefaultFileLockCommunicator] Confirming lock release to process at port 56227 for lock with id -7897499781732546532.
2026-03-16T00:09:59.050-0300 [DEBUG] [org.gradle.cache.internal.locklistener.DefaultFileLockCommunicator] Confirming lock release to process at port 62334 for lock with id -7897499781732546532.
2026-03-16T00:09:59.050-0300 [DEBUG] [org.gradle.cache.internal.DefaultCacheCoordinator] Cache journal cache (C:\Users\Windows\Desktop\distributed-system\.gradle-cache\caches\journal-1) was closed 6 times.
2026-03-16T00:09:59.050-0300 [DEBUG] [org.gradle.cache.internal.LockOnDemandCrossProcessCacheAccess] Releasing file lock for file hash cache (C:\Users\Windows\Desktop\distributed-system\.gradle-cache\caches\9.3.1\fileHashes)
2026-03-16T00:09:59.050-0300 [DEBUG] [org.gradle.cache.internal.btree.BTreePersistentIndexedCache] Closing cache fileHashes.bin (C:\Users\Windows\Desktop\distributed-system\.gradle-cache\caches\9.3.1\fileHashes\fileHashes.bin)
2026-03-16T00:09:59.050-0300 [DEBUG] [org.gradle.cache.internal.btree.BTreePersistentIndexedCache] Closing cache resourceHashesCache.bin (C:\Users\Windows\Desktop\distributed-system\.gradle-cache\caches\9.3.1\fileHashes\resourceHashesCache.bin)
2026-03-16T00:09:59.051-0300 [DEBUG] [org.gradle.cache.internal.DefaultFileLockManager] Releasing lock on file hash cache (C:\Users\Windows\Desktop\distributed-system\.gradle-cache\caches\9.3.1\fileHashes).
2026-03-16T00:09:59.051-0300 [DEBUG] [org.gradle.cache.internal.DefaultCacheCoordinator] Cache file hash cache (C:\Users\Windows\Desktop\distributed-system\.gradle-cache\caches\9.3.1\fileHashes) was closed 6 times.
2026-03-16T00:09:59.052-0300 [DEBUG] [org.gradle.internal.operations.DefaultBuildOperationRunner] Build operation 'Deleting unused version-specific caches in C:\Users\Windows\Desktop\distributed-system\.gradle-cache\caches' started
2026-03-16T00:09:59.052-0300 [DEBUG] [org.gradle.internal.operations.DefaultBuildOperationRunner] Completing Build operation 'Deleting unused version-specific caches in C:\Users\Windows\Desktop\distributed-system\.gradle-cache\caches'
2026-03-16T00:09:59.052-0300 [DEBUG] [org.gradle.internal.operations.DefaultBuildOperationRunner] Build operation 'Deleting unused version-specific caches in C:\Users\Windows\Desktop\distributed-system\.gradle-cache\caches' completed
2026-03-16T00:09:59.052-0300 [DEBUG] [org.gradle.launcher.daemon.server.Daemon] stop() called on daemon
2026-03-16T00:09:59.053-0300 [INFO] [org.gradle.launcher.daemon.server.Daemon] Stop requested. Daemon is removing its presence from the registry...
2026-03-16T00:09:59.053-0300 [DEBUG] [org.gradle.launcher.daemon.server.DaemonRegistryUpdater] Removing our presence to clients, eg. removing this address from the registry: [d4f2d2ba-62fc-43d7-b46d-dd18fcfafba6 port:52430, addresses:[localhost/127.0.0.1]]
2026-03-16T00:09:59.053-0300 [DEBUG] [org.gradle.launcher.daemon.registry.PersistentDaemonRegistry] Removing daemon address: [d4f2d2ba-62fc-43d7-b46d-dd18fcfafba6 port:52430, addresses:[localhost/127.0.0.1]]
2026-03-16T00:09:59.054-0300 [DEBUG] [org.gradle.cache.internal.DefaultFileLockManager] Waiting to acquire exclusive lock on daemon addresses registry.
2026-03-16T00:09:59.054-0300 [DEBUG] [org.gradle.cache.internal.DefaultFileLockManager] Lock acquired on daemon addresses registry.
2026-03-16T00:09:59.055-0300 [DEBUG] [org.gradle.cache.internal.DefaultFileLockManager] Releasing lock on daemon addresses registry.
2026-03-16T00:09:59.055-0300 [DEBUG] [org.gradle.launcher.daemon.server.DaemonRegistryUpdater] Address removed from registry.
2026-03-16T00:09:59.056-0300 [DEBUG] [org.gradle.cache.internal.locklistener.DefaultFileLockContentionHandler] File lock listener thread completed.
2026-03-16T00:09:59.061-0300 [DEBUG] [java.lang.Runtime] Runtime.exit() called with status: 0
java.lang.Throwable: Runtime.exit(0)
	at java.base/java.lang.Shutdown.logRuntimeExit(Shutdown.java:179)
	at java.base/java.lang.Shutdown.exit(Shutdown.java:160)
	at java.base/java.lang.Runtime.exit(Runtime.java:188)
	at java.base/java.lang.System.exit(System.java:1920)
	at org.gradle.launcher.bootstrap.ProcessCompleter.complete(ProcessCompleter.java:21)
	at org.gradle.launcher.bootstrap.EntryPoint.run(EntryPoint.java:62)
	at java.base/jdk.internal.reflect.DirectMethodHandleAccessor.invoke(DirectMethodHandleAccessor.java:103)
	at java.base/java.lang.reflect.Method.invoke(Method.java:580)
	at org.gradle.launcher.bootstrap.ProcessBootstrap.runNoExit(ProcessBootstrap.java:72)
	at org.gradle.launcher.bootstrap.ProcessBootstrap.run(ProcessBootstrap.java:39)
	at org.gradle.launcher.daemon.bootstrap.GradleDaemon.main(GradleDaemon.java:22)
Daemon vm is shutting down... The daemon has exited normally or was terminated in response to a user interrupt.
2026-03-16T00:09:59.063-0300 [DEBUG] [org.gradle.launcher.daemon.registry.PersistentDaemonRegistry] Removing daemon address: [d4f2d2ba-62fc-43d7-b46d-dd18fcfafba6 port:52430, addresses:[localhost/127.0.0.1]]
2026-03-16T00:09:59.063-0300 [DEBUG] [org.gradle.launcher.daemon.server.Daemon] VM shutdown hook was unable to remove the daemon address from the registry. It will be cleaned up later.
java.lang.IllegalStateException: Cannot start managing file contention because this handler has been closed.
	at org.gradle.cache.internal.locklistener.DefaultFileLockContentionHandler.assertNotStopped(DefaultFileLockContentionHandler.java:267)
	at org.gradle.cache.internal.locklistener.DefaultFileLockContentionHandler.reservePort(DefaultFileLockContentionHandler.java:312)
	at org.gradle.cache.internal.DefaultFileLockManager.lock(DefaultFileLockManager.java:124)
	at org.gradle.cache.internal.DefaultFileLockManager.lock(DefaultFileLockManager.java:106)
	at org.gradle.cache.internal.DefaultFileLockManager.lock(DefaultFileLockManager.java:101)
	at org.gradle.cache.internal.OnDemandFileAccess.updateFile(OnDemandFileAccess.java:51)
	at org.gradle.cache.internal.FileBackedObjectHolder.update(FileBackedObjectHolder.java:77)
	at org.gradle.cache.internal.FileIntegrityViolationSuppressingObjectHolderDecorator.lambda$update$0(FileIntegrityViolationSuppressingObjectHolderDecorator.java:48)
	at org.gradle.cache.internal.FileIntegrityViolationSuppressingObjectHolderDecorator.doUpdate(FileIntegrityViolationSuppressingObjectHolderDecorator.java:58)
	at org.gradle.cache.internal.FileIntegrityViolationSuppressingObjectHolderDecorator.update(FileIntegrityViolationSuppressingObjectHolderDecorator.java:48)
	at org.gradle.launcher.daemon.registry.PersistentDaemonRegistry.remove(PersistentDaemonRegistry.java:133)
	at org.gradle.launcher.daemon.server.Daemon$1.run(Daemon.java:133)
	at java.base/java.lang.Thread.run(Thread.java:1583)
