2026-03-15T23:54:28.276-0300 [DEBUG] [org.gradle.launcher.daemon.bootstrap.DaemonMain] Assuming the daemon was started with following jvm opts: [-XX:MaxMetaspaceSize=384m, -XX:+HeapDumpOnOutOfMemoryError, -Xms256m, -Xmx512m, -Dfile.encoding=UTF-8, -Duser.country=BR, -Duser.language=pt, -Duser.variant]
2026-03-15T23:54:28.414-0300 [DEBUG] [org.gradle.internal.remote.internal.inet.InetAddresses] Adding IP addresses for network interface Realtek PCIe GbE Family Controller-WFP Native MAC Layer LightWeight Filter-0000
2026-03-15T23:54:28.415-0300 [DEBUG] [org.gradle.internal.remote.internal.inet.InetAddresses] Is this a loopback interface? false
2026-03-15T23:54:28.416-0300 [DEBUG] [org.gradle.internal.remote.internal.inet.InetAddresses] Adding IP addresses for network interface Realtek PCIe GbE Family Controller-QoS Packet Scheduler-0000
2026-03-15T23:54:28.416-0300 [DEBUG] [org.gradle.internal.remote.internal.inet.InetAddresses] Is this a loopback interface? false
2026-03-15T23:54:28.417-0300 [DEBUG] [org.gradle.internal.remote.internal.inet.InetAddresses] Adding IP addresses for network interface Realtek PCIe GbE Family Controller-WFP 802.3 MAC Layer LightWeight Filter-0000
2026-03-15T23:54:28.417-0300 [DEBUG] [org.gradle.internal.remote.internal.inet.InetAddresses] Is this a loopback interface? false
2026-03-15T23:54:28.417-0300 [DEBUG] [org.gradle.internal.remote.internal.inet.InetAddresses] Adding IP addresses for network interface WAN Miniport (IP)-WFP Native MAC Layer LightWeight Filter-0000
2026-03-15T23:54:28.417-0300 [DEBUG] [org.gradle.internal.remote.internal.inet.InetAddresses] Is this a loopback interface? false
2026-03-15T23:54:28.418-0300 [DEBUG] [org.gradle.internal.remote.internal.inet.InetAddresses] Adding IP addresses for network interface WAN Miniport (IP)-QoS Packet Scheduler-0000
2026-03-15T23:54:28.418-0300 [DEBUG] [org.gradle.internal.remote.internal.inet.InetAddresses] Is this a loopback interface? false
2026-03-15T23:54:28.418-0300 [DEBUG] [org.gradle.internal.remote.internal.inet.InetAddresses] Adding IP addresses for network interface WAN Miniport (IPv6)-WFP Native MAC Layer LightWeight Filter-0000
2026-03-15T23:54:28.419-0300 [DEBUG] [org.gradle.internal.remote.internal.inet.InetAddresses] Is this a loopback interface? false
2026-03-15T23:54:28.419-0300 [DEBUG] [org.gradle.internal.remote.internal.inet.InetAddresses] Adding IP addresses for network interface WAN Miniport (IPv6)-QoS Packet Scheduler-0000
2026-03-15T23:54:28.419-0300 [DEBUG] [org.gradle.internal.remote.internal.inet.InetAddresses] Is this a loopback interface? false
2026-03-15T23:54:28.420-0300 [DEBUG] [org.gradle.internal.remote.internal.inet.InetAddresses] Adding IP addresses for network interface WAN Miniport (Network Monitor)-WFP Native MAC Layer LightWeight Filter-0000
2026-03-15T23:54:28.420-0300 [DEBUG] [org.gradle.internal.remote.internal.inet.InetAddresses] Is this a loopback interface? false
2026-03-15T23:54:28.420-0300 [DEBUG] [org.gradle.internal.remote.internal.inet.InetAddresses] Adding IP addresses for network interface WAN Miniport (Network Monitor)-QoS Packet Scheduler-0000
2026-03-15T23:54:28.421-0300 [DEBUG] [org.gradle.internal.remote.internal.inet.InetAddresses] Is this a loopback interface? false
2026-03-15T23:54:28.421-0300 [DEBUG] [org.gradle.internal.remote.internal.inet.InetAddresses] Adding IP addresses for network interface Microsoft Kernel Debug Network Adapter
2026-03-15T23:54:28.421-0300 [DEBUG] [org.gradle.internal.remote.internal.inet.InetAddresses] Is this a loopback interface? false
2026-03-15T23:54:28.421-0300 [DEBUG] [org.gradle.internal.remote.internal.inet.InetAddresses] Adding IP addresses for network interface Realtek PCIe GbE Family Controller
2026-03-15T23:54:28.422-0300 [DEBUG] [org.gradle.internal.remote.internal.inet.InetAddresses] Is this a loopback interface? false
2026-03-15T23:54:28.422-0300 [DEBUG] [org.gradle.internal.remote.internal.inet.InetAddresses] Adding remote address /fe80:0:0:0:e770:ec18:a4ab:76fe%ethernet_32769
2026-03-15T23:54:28.423-0300 [DEBUG] [org.gradle.internal.remote.internal.inet.InetAddresses] Adding remote address /2804:29b8:517d:22ab:85b4:2afb:2617:9cf
2026-03-15T23:54:28.423-0300 [DEBUG] [org.gradle.internal.remote.internal.inet.InetAddresses] Adding remote address /2804:29b8:517d:22ab:295f:558c:cd8f:7c29
2026-03-15T23:54:28.423-0300 [DEBUG] [org.gradle.internal.remote.internal.inet.InetAddresses] Adding remote address /192.168.0.8
2026-03-15T23:54:28.424-0300 [DEBUG] [org.gradle.internal.remote.internal.inet.InetAddresses] Adding IP addresses for network interface WAN Miniport (IP)
2026-03-15T23:54:28.424-0300 [DEBUG] [org.gradle.internal.remote.internal.inet.InetAddresses] Is this a loopback interface? false
2026-03-15T23:54:28.424-0300 [DEBUG] [org.gradle.internal.remote.internal.inet.InetAddresses] Adding IP addresses for network interface WAN Miniport (IPv6)
2026-03-15T23:54:28.424-0300 [DEBUG] [org.gradle.internal.remote.internal.inet.InetAddresses] Is this a loopback interface? false
2026-03-15T23:54:28.425-0300 [DEBUG] [org.gradle.internal.remote.internal.inet.InetAddresses] Adding IP addresses for network interface WAN Miniport (Network Monitor)
2026-03-15T23:54:28.425-0300 [DEBUG] [org.gradle.internal.remote.internal.inet.InetAddresses] Is this a loopback interface? false
2026-03-15T23:54:28.425-0300 [DEBUG] [org.gradle.internal.remote.internal.inet.InetAddresses] Adding IP addresses for network interface WAN Miniport (PPPOE)
2026-03-15T23:54:28.426-0300 [DEBUG] [org.gradle.internal.remote.internal.inet.InetAddresses] Is this a loopback interface? false
2026-03-15T23:54:28.426-0300 [DEBUG] [org.gradle.internal.remote.internal.inet.InetAddresses] Adding IP addresses for network interface Software Loopback Interface 1
2026-03-15T23:54:28.426-0300 [DEBUG] [org.gradle.internal.remote.internal.inet.InetAddresses] Is this a loopback interface? true
2026-03-15T23:54:28.427-0300 [DEBUG] [org.gradle.internal.remote.internal.inet.InetAddresses] Adding loopback address /0:0:0:0:0:0:0:1
2026-03-15T23:54:28.427-0300 [DEBUG] [org.gradle.internal.remote.internal.inet.InetAddresses] Adding loopback address /127.0.0.1
2026-03-15T23:54:28.428-0300 [DEBUG] [org.gradle.internal.remote.internal.inet.InetAddresses] Adding IP addresses for network interface Microsoft Teredo Tunneling Adapter
2026-03-15T23:54:28.428-0300 [DEBUG] [org.gradle.internal.remote.internal.inet.InetAddresses] Is this a loopback interface? false
2026-03-15T23:54:28.428-0300 [DEBUG] [org.gradle.internal.remote.internal.inet.InetAddresses] Adding IP addresses for network interface Microsoft IP-HTTPS Platform Adapter
2026-03-15T23:54:28.428-0300 [DEBUG] [org.gradle.internal.remote.internal.inet.InetAddresses] Is this a loopback interface? false
2026-03-15T23:54:28.428-0300 [DEBUG] [org.gradle.internal.remote.internal.inet.InetAddresses] Adding IP addresses for network interface Microsoft 6to4 Adapter
2026-03-15T23:54:28.429-0300 [DEBUG] [org.gradle.internal.remote.internal.inet.InetAddresses] Is this a loopback interface? false
2026-03-15T23:54:28.429-0300 [DEBUG] [org.gradle.internal.remote.internal.inet.InetAddresses] Adding IP addresses for network interface WAN Miniport (SSTP)
2026-03-15T23:54:28.430-0300 [DEBUG] [org.gradle.internal.remote.internal.inet.InetAddresses] Is this a loopback interface? false
2026-03-15T23:54:28.430-0300 [DEBUG] [org.gradle.internal.remote.internal.inet.InetAddresses] Adding IP addresses for network interface WAN Miniport (IKEv2)
2026-03-15T23:54:28.430-0300 [DEBUG] [org.gradle.internal.remote.internal.inet.InetAddresses] Is this a loopback interface? false
2026-03-15T23:54:28.431-0300 [DEBUG] [org.gradle.internal.remote.internal.inet.InetAddresses] Adding IP addresses for network interface WAN Miniport (L2TP)
2026-03-15T23:54:28.431-0300 [DEBUG] [org.gradle.internal.remote.internal.inet.InetAddresses] Is this a loopback interface? false
2026-03-15T23:54:28.431-0300 [DEBUG] [org.gradle.internal.remote.internal.inet.InetAddresses] Adding IP addresses for network interface WAN Miniport (PPTP)
2026-03-15T23:54:28.431-0300 [DEBUG] [org.gradle.internal.remote.internal.inet.InetAddresses] Is this a loopback interface? false
2026-03-15T23:54:28.474-0300 [INFO] [org.gradle.launcher.daemon.server.Daemon] start() called on daemon - DefaultDaemonContext[uid=39efdce3-5882-41ed-a5e8-0f368e13a6f2,javaHome=C:\Program Files\Java\jdk-21.0.10,javaVersion=21,javaVendor=Oracle Corporation,daemonRegistryDir=C:\Users\Windows\Desktop\distributed-system\.gradle-cache\daemon,pid=12916,idleTimeout=120000,priority=NORMAL,applyInstrumentationAgent=true,nativeServicesMode=ENABLED,daemonOpts=-XX:MaxMetaspaceSize=384m,-XX:+HeapDumpOnOutOfMemoryError,-Xms256m,-Xmx512m,-Dfile.encoding=UTF-8,-Duser.country=BR,-Duser.language=pt,-Duser.variant]
2026-03-15T23:54:28.514-0300 [DEBUG] [org.gradle.internal.remote.internal.inet.TcpIncomingConnector] Listening on [b81d4cd5-004d-47c0-9f83-3255edf57c38 port:52258, addresses:[localhost/127.0.0.1]].
2026-03-15T23:54:28.531-0300 [DEBUG] [org.gradle.launcher.daemon.server.Daemon] Daemon starting at: Sun Mar 15 23:54:28 BRT 2026, with address: [b81d4cd5-004d-47c0-9f83-3255edf57c38 port:52258, addresses:[localhost/127.0.0.1]]
2026-03-15T23:54:28.532-0300 [INFO] [org.gradle.launcher.daemon.server.DaemonRegistryUpdater] Advertising the daemon address to the clients: [b81d4cd5-004d-47c0-9f83-3255edf57c38 port:52258, addresses:[localhost/127.0.0.1]]
2026-03-15T23:54:28.532-0300 [DEBUG] [org.gradle.launcher.daemon.server.DaemonRegistryUpdater] Advertised daemon context: DefaultDaemonContext[uid=39efdce3-5882-41ed-a5e8-0f368e13a6f2,javaHome=C:\Program Files\Java\jdk-21.0.10,javaVersion=21,javaVendor=Oracle Corporation,daemonRegistryDir=C:\Users\Windows\Desktop\distributed-system\.gradle-cache\daemon,pid=12916,idleTimeout=120000,priority=NORMAL,applyInstrumentationAgent=true,nativeServicesMode=ENABLED,daemonOpts=-XX:MaxMetaspaceSize=384m,-XX:+HeapDumpOnOutOfMemoryError,-Xms256m,-Xmx512m,-Dfile.encoding=UTF-8,-Duser.country=BR,-Duser.language=pt,-Duser.variant]
2026-03-15T23:54:28.534-0300 [DEBUG] [org.gradle.launcher.daemon.registry.PersistentDaemonRegistry] Storing daemon address: [b81d4cd5-004d-47c0-9f83-3255edf57c38 port:52258, addresses:[localhost/127.0.0.1]], context: DefaultDaemonContext[uid=39efdce3-5882-41ed-a5e8-0f368e13a6f2,javaHome=C:\Program Files\Java\jdk-21.0.10,javaVersion=21,javaVendor=Oracle Corporation,daemonRegistryDir=C:\Users\Windows\Desktop\distributed-system\.gradle-cache\daemon,pid=12916,idleTimeout=120000,priority=NORMAL,applyInstrumentationAgent=true,nativeServicesMode=ENABLED,daemonOpts=-XX:MaxMetaspaceSize=384m,-XX:+HeapDumpOnOutOfMemoryError,-Xms256m,-Xmx512m,-Dfile.encoding=UTF-8,-Duser.country=BR,-Duser.language=pt,-Duser.variant]
2026-03-15T23:54:28.547-0300 [DEBUG] [org.gradle.cache.internal.DefaultFileLockManager] Waiting to acquire exclusive lock on daemon addresses registry.
2026-03-15T23:54:28.580-0300 [DEBUG] [org.gradle.cache.internal.DefaultFileLockManager] The file lock for daemon addresses registry is held by a different process. I was unable to read on which port the owner listens for lock access requests.
2026-03-15T23:54:28.582-0300 [DEBUG] [org.gradle.cache.internal.DefaultFileLockManager] Lock acquired on daemon addresses registry.
2026-03-15T23:54:28.588-0300 [DEBUG] [org.gradle.cache.internal.DefaultFileLockManager] Releasing lock on daemon addresses registry.
2026-03-15T23:54:28.589-0300 [LIFECYCLE] [org.gradle.launcher.daemon.server.Daemon] Daemon server started.
2026-03-15T23:54:28.591-0300 [DEBUG] [org.gradle.launcher.daemon.bootstrap.DaemonStartupCommunication] Completed writing the daemon greeting. Closing streams...
2026-03-15T23:54:28.607-0300 [DEBUG] [org.gradle.launcher.daemon.server.Daemon] stopOnExpiration() called on daemon
2026-03-15T23:54:28.609-0300 [DEBUG] [org.gradle.launcher.daemon.server.Daemon] awaitExpiration() called on daemon
2026-03-15T23:54:28.610-0300 [DEBUG] [org.gradle.launcher.daemon.server.DaemonStateCoordinator] daemon is running. Sleeping until state changes.
2026-03-15T23:54:28.622-0300 [DEBUG] [org.gradle.internal.remote.internal.inet.TcpIncomingConnector] Accepted connection from /127.0.0.1:52261 to /127.0.0.1:52258.
2026-03-15T23:54:28.686-0300 [DEBUG] [org.gradle.launcher.daemon.server.SynchronizedDispatchConnection] thread 33: received class org.gradle.launcher.daemon.protocol.Build
2026-03-15T23:54:28.686-0300 [DEBUG] [org.gradle.launcher.daemon.server.DefaultDaemonConnection] thread 33: Received non-IO message from client: Build{id=e74b79f7-8996-40cd-99c6-73cc85f5b393, currentDir=C:\Users\Windows\Desktop\distributed-system\server-replica1}
2026-03-15T23:54:28.687-0300 [INFO] [org.gradle.launcher.daemon.server.DefaultIncomingConnectionHandler] Received command: Build{id=e74b79f7-8996-40cd-99c6-73cc85f5b393, currentDir=C:\Users\Windows\Desktop\distributed-system\server-replica1}.
2026-03-15T23:54:28.687-0300 [DEBUG] [org.gradle.launcher.daemon.server.DefaultIncomingConnectionHandler] Starting executing command: Build{id=e74b79f7-8996-40cd-99c6-73cc85f5b393, currentDir=C:\Users\Windows\Desktop\distributed-system\server-replica1} with connection: socket connection from /127.0.0.1:52258 to /127.0.0.1:52261.
2026-03-15T23:54:28.689-0300 [DEBUG] [org.gradle.launcher.daemon.server.DaemonStateCoordinator] Command execution: started DaemonCommandExecution[command = Build{id=e74b79f7-8996-40cd-99c6-73cc85f5b393, currentDir=C:\Users\Windows\Desktop\distributed-system\server-replica1}, connection = DefaultDaemonConnection: socket connection from /127.0.0.1:52258 to /127.0.0.1:52261] after 0.002983333333333333 minutes of idle
2026-03-15T23:54:28.690-0300 [INFO] [org.gradle.launcher.daemon.server.DaemonRegistryUpdater] Marking the daemon as busy, address: [b81d4cd5-004d-47c0-9f83-3255edf57c38 port:52258, addresses:[localhost/127.0.0.1]]
2026-03-15T23:54:28.690-0300 [DEBUG] [org.gradle.launcher.daemon.registry.PersistentDaemonRegistry] Marking busy by address: [b81d4cd5-004d-47c0-9f83-3255edf57c38 port:52258, addresses:[localhost/127.0.0.1]]
2026-03-15T23:54:28.691-0300 [DEBUG] [org.gradle.cache.internal.DefaultFileLockManager] Waiting to acquire exclusive lock on daemon addresses registry.
2026-03-15T23:54:28.692-0300 [DEBUG] [org.gradle.cache.internal.DefaultFileLockManager] The file lock for daemon addresses registry is held by a different process. I was unable to read on which port the owner listens for lock access requests.
2026-03-15T23:54:28.692-0300 [DEBUG] [org.gradle.cache.internal.DefaultFileLockManager] The file lock for daemon addresses registry is held by a different process. I was unable to read on which port the owner listens for lock access requests.
2026-03-15T23:54:28.692-0300 [DEBUG] [org.gradle.cache.internal.DefaultFileLockManager] The file lock for daemon addresses registry is held by a different process. I was unable to read on which port the owner listens for lock access requests.
2026-03-15T23:54:28.724-0300 [DEBUG] [org.gradle.cache.internal.DefaultFileLockManager] Lock acquired on daemon addresses registry.
2026-03-15T23:54:28.726-0300 [DEBUG] [org.gradle.cache.internal.DefaultFileLockManager] Releasing lock on daemon addresses registry.
2026-03-15T23:54:28.726-0300 [DEBUG] [org.gradle.launcher.daemon.server.DaemonStateCoordinator] resetting idle timer
2026-03-15T23:54:28.726-0300 [DEBUG] [org.gradle.launcher.daemon.server.DaemonStateCoordinator] daemon is running. Sleeping until state changes.
2026-03-15T23:54:28.727-0300 [INFO] [org.gradle.launcher.daemon.server.exec.StartBuildOrRespondWithBusy] Daemon is about to start building Build{id=e74b79f7-8996-40cd-99c6-73cc85f5b393, currentDir=C:\Users\Windows\Desktop\distributed-system\server-replica1}. Dispatching build started information...
2026-03-15T23:54:28.728-0300 [DEBUG] [org.gradle.launcher.daemon.server.SynchronizedDispatchConnection] thread 35: dispatching org.gradle.launcher.daemon.protocol.BuildStarted@549200f4
2026-03-15T23:54:28.729-0300 [DEBUG] [org.gradle.launcher.daemon.server.exec.EstablishBuildEnvironment] Configuring env variables: [PATH, USERDOMAIN_ROAMINGPROFILE, NO_PROXY, PROCESSOR_LEVEL, GIT_PAGER, SESSIONNAME, ALLUSERSPROFILE, PROCESSOR_ARCHITECTURE, PSModulePath, VSCODE_PID, SystemDrive, =ExitCode, DIRNAME, USERNAME, ProgramFiles(x86), VSCODE_NLS_CONFIG, CHROME_CRASHPAD_PIPE_NAME, GIT_HTTP_PROXY, CODEX_INTERNAL_ORIGINATOR_OVERRIDE, FPS_BROWSER_USER_PROFILE_STRING, APP_HOME, CODEX_SANDBOX_NETWORK_DISABLED, DEFAULT_JVM_OPTS, PATHEXT, DriverData, VSCODE_CRASH_REPORTER_PROCESS_TYPE, OneDriveConsumer, PIP_DISABLE_PIP_VERSION_CHECK, PAGER, ALL_PROXY, VSCODE_CODE_CACHE_PATH, ProgramData, ProgramW6432, HOMEPATH, PROCESSOR_IDENTIFIER, ProgramFiles, PUBLIC, LESS, windir, LOCALAPPDATA, USERDOMAIN, VSCODE_HANDLES_UNCAUGHT_ERRORS, FPS_BROWSER_APP_PROFILE_STRING, LOGONSERVER, PROMPT, RUST_LOG, NPM_CONFIG_OFFLINE, SBX_NONET_ACTIVE, HTTP_PROXY, GIT_ALLOW_PROTOCOLS, ELECTRON_RUN_AS_NODE, OneDrive, =C:, APPDATA, GRADLE_USER_HOME, HTTPS_PROXY, JAVA_EXE, CODEX_THREAD_ID, GIT_HTTPS_PROXY, CommonProgramFiles, APPLICATION_INSIGHTS_NO_STATSBEAT, VSCODE_CWD, OS, COMPUTERNAME, VSCODE_ESM_ENTRYPOINT, PROCESSOR_REVISION, CommonProgramW6432, DEBUG, ComSpec, APP_BASE_NAME, SystemRoot, TEMP, HOMEDRIVE, USERPROFILE, TMP, CommonProgramFiles(x86), NUMBER_OF_PROCESSORS, PIP_NO_INDEX, CARGO_NET_OFFLINE, GIT_SSH_COMMAND, VSCODE_IPC_HOOK]
2026-03-15T23:54:28.735-0300 [DEBUG] [org.gradle.launcher.daemon.server.exec.LogToClient] About to start relaying all logs to the client via the connection.
2026-03-15T23:54:28.735-0300 [INFO] [org.gradle.launcher.daemon.server.exec.LogToClient] The client will now receive all logging from the daemon (pid: 12916). The daemon log file: C:\Users\Windows\Desktop\distributed-system\.gradle-cache\daemon\9.3.1\daemon-12916.out.log
2026-03-15T23:54:28.737-0300 [DEBUG] [org.gradle.launcher.daemon.server.exec.RequestStopIfSingleUsedDaemon] Requesting daemon stop after processing Build{id=e74b79f7-8996-40cd-99c6-73cc85f5b393, currentDir=C:\Users\Windows\Desktop\distributed-system\server-replica1}
2026-03-15T23:54:28.737-0300 [LIFECYCLE] [org.gradle.launcher.daemon.server.DaemonStateCoordinator] Daemon will be stopped at the end of the build 
2026-03-15T23:54:28.737-0300 [DEBUG] [org.gradle.launcher.daemon.server.DaemonStateCoordinator] Stop as soon as idle requested. The daemon is busy
2026-03-15T23:54:28.737-0300 [DEBUG] [org.gradle.launcher.daemon.server.DaemonStateCoordinator] daemon stop has been requested. Sleeping until state changes.
2026-03-15T23:54:28.743-0300 [DEBUG] [org.gradle.launcher.daemon.server.exec.ExecuteBuild] The daemon has started executing the build.
2026-03-15T23:54:28.744-0300 [DEBUG] [org.gradle.launcher.daemon.server.exec.ExecuteBuild] Executing build with daemon context: DefaultDaemonContext[uid=39efdce3-5882-41ed-a5e8-0f368e13a6f2,javaHome=C:\Program Files\Java\jdk-21.0.10,javaVersion=21,javaVendor=Oracle Corporation,daemonRegistryDir=C:\Users\Windows\Desktop\distributed-system\.gradle-cache\daemon,pid=12916,idleTimeout=120000,priority=NORMAL,applyInstrumentationAgent=true,nativeServicesMode=ENABLED,daemonOpts=-XX:MaxMetaspaceSize=384m,-XX:+HeapDumpOnOutOfMemoryError,-Xms256m,-Xmx512m,-Dfile.encoding=UTF-8,-Duser.country=BR,-Duser.language=pt,-Duser.variant]
Java HotSpot(TM) 64-Bit Server VM warning: Sharing is only supported for boot loader classes because bootstrap classpath has been appended
2026-03-15T23:54:46.230-03:00 DEBUG 18212 --- [server-replica1] [ionShutdownHook] o.s.w.c.s.GenericWebApplicationContext   : Closing org.springframework.web.context.support.GenericWebApplicationContext@26844abb, started on Sun Mar 15 23:54:44 BRT 2026

BUILD SUCCESSFUL in 20s
4 actionable tasks: 2 executed, 2 up-to-date
Consider enabling configuration cache to speed up this build: https://docs.gradle.org/9.3.1/userguide/configuration_cache_enabling.html
2026-03-15T23:54:46.459-0300 [DEBUG] [org.gradle.launcher.daemon.server.exec.ExecuteBuild] The daemon has finished executing the build.
2026-03-15T23:54:46.477-0300 [DEBUG] [org.gradle.launcher.daemon.server.DaemonStateCoordinator] daemon stop has been requested. Sleeping until state changes.
2026-03-15T23:54:46.477-0300 [DEBUG] [org.gradle.launcher.daemon.server.DaemonStateCoordinator] Command execution: finished waiting for DaemonCommandExecution[command = Build{id=e74b79f7-8996-40cd-99c6-73cc85f5b393, currentDir=C:\Users\Windows\Desktop\distributed-system\server-replica1}, connection = DefaultDaemonConnection: socket connection from /127.0.0.1:52258 to /127.0.0.1:52261]. Result org.gradle.launcher.daemon.server.DaemonStateCoordinator@27ad9e17 with state StopRequested
2026-03-15T23:54:46.477-0300 [DEBUG] [org.gradle.launcher.daemon.server.DaemonStateCoordinator] Command execution: completed DaemonCommandExecution[command = Build{id=e74b79f7-8996-40cd-99c6-73cc85f5b393, currentDir=C:\Users\Windows\Desktop\distributed-system\server-replica1}, connection = DefaultDaemonConnection: socket connection from /127.0.0.1:52258 to /127.0.0.1:52261]
2026-03-15T23:54:46.477-0300 [DEBUG] [org.gradle.launcher.daemon.server.DaemonStateCoordinator] resetting idle timer
2026-03-15T23:54:46.477-0300 [DEBUG] [org.gradle.launcher.daemon.server.DaemonStateCoordinator] Marking daemon stopped due to command completed and stop requested. The daemon is not running a build
2026-03-15T23:54:46.478-0300 [DEBUG] [org.gradle.launcher.daemon.server.DaemonStateCoordinator] daemon has stopped.
2026-03-15T23:54:46.478-0300 [DEBUG] [org.gradle.launcher.daemon.server.exec.ReturnResult] Daemon is dispatching the build result: Success[value=org.gradle.launcher.exec.BuildActionResult@4a08f8ac]
2026-03-15T23:54:46.478-0300 [DEBUG] [org.gradle.launcher.daemon.server.SynchronizedDispatchConnection] thread 32: dispatching Success[value=org.gradle.launcher.exec.BuildActionResult@4a08f8ac]
2026-03-15T23:54:46.478-0300 [DEBUG] [org.gradle.launcher.daemon.server.Daemon] stop() called on daemon
2026-03-15T23:54:46.478-0300 [INFO] [org.gradle.launcher.daemon.server.Daemon] Stop requested. Daemon is removing its presence from the registry...
2026-03-15T23:54:46.479-0300 [DEBUG] [org.gradle.launcher.daemon.server.DaemonRegistryUpdater] Removing our presence to clients, eg. removing this address from the registry: [b81d4cd5-004d-47c0-9f83-3255edf57c38 port:52258, addresses:[localhost/127.0.0.1]]
2026-03-15T23:54:46.479-0300 [DEBUG] [org.gradle.launcher.daemon.registry.PersistentDaemonRegistry] Removing daemon address: [b81d4cd5-004d-47c0-9f83-3255edf57c38 port:52258, addresses:[localhost/127.0.0.1]]
2026-03-15T23:54:46.479-0300 [DEBUG] [org.gradle.launcher.daemon.server.exec.CleanUpVirtualFileSystemAfterBuild] Cleaning virtual file system after build finished
2026-03-15T23:54:46.479-0300 [DEBUG] [org.gradle.launcher.daemon.server.DefaultIncomingConnectionHandler] Finishing executing command: Build{id=e74b79f7-8996-40cd-99c6-73cc85f5b393, currentDir=C:\Users\Windows\Desktop\distributed-system\server-replica1}
2026-03-15T23:54:46.480-0300 [DEBUG] [org.gradle.launcher.daemon.server.SynchronizedDispatchConnection] thread 33: received class org.gradle.launcher.daemon.protocol.CloseInput
2026-03-15T23:54:46.480-0300 [DEBUG] [org.gradle.launcher.daemon.server.DefaultDaemonConnection] thread 33: Received IO message from client: org.gradle.launcher.daemon.protocol.CloseInput@16c7eadb
2026-03-15T23:54:46.480-0300 [DEBUG] [org.gradle.launcher.daemon.server.SynchronizedDispatchConnection] thread 33: received class org.gradle.launcher.daemon.protocol.Finished
2026-03-15T23:54:46.480-0300 [DEBUG] [org.gradle.launcher.daemon.server.DefaultDaemonConnection] thread 33: Received non-IO message from client: org.gradle.launcher.daemon.protocol.Finished@134d59b2
2026-03-15T23:54:46.480-0300 [DEBUG] [org.gradle.launcher.daemon.server.DefaultIncomingConnectionHandler] Received finished message: org.gradle.launcher.daemon.protocol.Finished@134d59b2
2026-03-15T23:54:46.481-0300 [DEBUG] [org.gradle.launcher.daemon.server.SynchronizedDispatchConnection] thread 32: stopping connection
2026-03-15T23:54:46.481-0300 [DEBUG] [org.gradle.cache.internal.DefaultFileLockManager] Waiting to acquire exclusive lock on daemon addresses registry.
2026-03-15T23:54:46.481-0300 [DEBUG] [org.gradle.internal.remote.internal.inet.SocketConnection] Discarding EOFException: java.io.EOFException
2026-03-15T23:54:46.481-0300 [DEBUG] [org.gradle.launcher.daemon.server.SynchronizedDispatchConnection] thread 33: received null
2026-03-15T23:54:46.481-0300 [DEBUG] [org.gradle.launcher.daemon.server.DefaultDaemonConnection] thread 33: Received end-of-input from client.
2026-03-15T23:54:46.481-0300 [DEBUG] [org.gradle.cache.internal.DefaultFileLockManager] Lock acquired on daemon addresses registry.
2026-03-15T23:54:46.482-0300 [DEBUG] [org.gradle.launcher.daemon.server.SynchronizedDispatchConnection] thread 32: stopping connection
2026-03-15T23:54:46.483-0300 [DEBUG] [org.gradle.cache.internal.DefaultFileLockManager] Releasing lock on daemon addresses registry.
2026-03-15T23:54:46.484-0300 [DEBUG] [org.gradle.launcher.daemon.server.DaemonRegistryUpdater] Address removed from registry.
2026-03-15T23:54:46.493-0300 [DEBUG] [org.gradle.cache.internal.DefaultCacheCleanupExecutor] jars (C:\Users\Windows\Desktop\distributed-system\.gradle-cache\caches\jars-9) has last been fully cleaned up 0 hours ago
2026-03-15T23:54:46.494-0300 [DEBUG] [org.gradle.cache.internal.DefaultCacheCleanupExecutor] Skipping cleanup for jars (C:\Users\Windows\Desktop\distributed-system\.gradle-cache\caches\jars-9) as it is not yet due
2026-03-15T23:54:46.494-0300 [DEBUG] [org.gradle.cache.internal.DefaultCacheCoordinator] Cache jars (C:\Users\Windows\Desktop\distributed-system\.gradle-cache\caches\jars-9) was closed 3 times.
2026-03-15T23:54:46.495-0300 [DEBUG] [org.gradle.cache.internal.DefaultCacheCoordinator] Cache file content cache (C:\Users\Windows\Desktop\distributed-system\.gradle-cache\caches\9.3.1\fileContent) was closed 3 times.
2026-03-15T23:54:46.496-0300 [DEBUG] [org.gradle.internal.watch.vfs.impl.WatchingVirtualFileSystem] Closing VFS, dropping state
2026-03-15T23:54:46.512-0300 [DEBUG] [org.gradle.internal.watch.registry.impl.DefaultFileWatcherRegistry] Finished listening to file system change events
2026-03-15T23:54:46.512-0300 [DEBUG] [org.gradle.cache.internal.DefaultCacheCoordinator] Cache Generated Gradle JARs cache (C:\Users\Windows\Desktop\distributed-system\.gradle-cache\caches\9.3.1\generated-gradle-jars) was closed 0 times.
2026-03-15T23:54:46.513-0300 [DEBUG] [org.gradle.cache.internal.LockOnDemandCrossProcessCacheAccess] Releasing file lock for artifact cache (C:\Users\Windows\Desktop\distributed-system\.gradle-cache\caches\modules-2)
2026-03-15T23:54:46.513-0300 [DEBUG] [org.gradle.cache.internal.DefaultFileLockManager] Releasing lock on artifact cache (C:\Users\Windows\Desktop\distributed-system\.gradle-cache\caches\modules-2).
2026-03-15T23:54:46.514-0300 [DEBUG] [org.gradle.cache.internal.DefaultCacheCleanupExecutor] artifact cache (C:\Users\Windows\Desktop\distributed-system\.gradle-cache\caches\modules-2) has last been fully cleaned up 0 hours ago
2026-03-15T23:54:46.514-0300 [DEBUG] [org.gradle.cache.internal.DefaultCacheCleanupExecutor] Skipping cleanup for artifact cache (C:\Users\Windows\Desktop\distributed-system\.gradle-cache\caches\modules-2) as it is not yet due
2026-03-15T23:54:46.514-0300 [DEBUG] [org.gradle.cache.internal.DefaultCacheCoordinator] Cache artifact cache (C:\Users\Windows\Desktop\distributed-system\.gradle-cache\caches\modules-2) was closed 9 times.
2026-03-15T23:54:46.514-0300 [DEBUG] [org.gradle.cache.internal.LockOnDemandCrossProcessCacheAccess] Releasing file lock for cache directory 58d0d0683eef24daec82a3f6be59de3a (C:\Users\Windows\Desktop\distributed-system\.gradle-cache\caches\9.3.1\groovy-dsl\58d0d0683eef24daec82a3f6be59de3a)
2026-03-15T23:54:46.514-0300 [DEBUG] [org.gradle.cache.internal.DefaultFileLockManager] Releasing lock on cache directory 58d0d0683eef24daec82a3f6be59de3a (C:\Users\Windows\Desktop\distributed-system\.gradle-cache\caches\9.3.1\groovy-dsl\58d0d0683eef24daec82a3f6be59de3a).
2026-03-15T23:54:46.515-0300 [DEBUG] [org.gradle.cache.internal.LockOnDemandCrossProcessCacheAccess] Releasing file lock for cache directory f8146aaa88ac74200d3680681a09331b (C:\Users\Windows\Desktop\distributed-system\.gradle-cache\caches\9.3.1\groovy-dsl\f8146aaa88ac74200d3680681a09331b)
2026-03-15T23:54:46.515-0300 [DEBUG] [org.gradle.cache.internal.DefaultFileLockManager] Releasing lock on cache directory f8146aaa88ac74200d3680681a09331b (C:\Users\Windows\Desktop\distributed-system\.gradle-cache\caches\9.3.1\groovy-dsl\f8146aaa88ac74200d3680681a09331b).
2026-03-15T23:54:46.516-0300 [DEBUG] [org.gradle.cache.internal.LockOnDemandCrossProcessCacheAccess] Releasing file lock for cache directory 6a85e10fbc22cb8a7d5bea571a88f647 (C:\Users\Windows\Desktop\distributed-system\.gradle-cache\caches\9.3.1\groovy-dsl\6a85e10fbc22cb8a7d5bea571a88f647)
2026-03-15T23:54:46.516-0300 [DEBUG] [org.gradle.cache.internal.DefaultFileLockManager] Releasing lock on cache directory 6a85e10fbc22cb8a7d5bea571a88f647 (C:\Users\Windows\Desktop\distributed-system\.gradle-cache\caches\9.3.1\groovy-dsl\6a85e10fbc22cb8a7d5bea571a88f647).
2026-03-15T23:54:46.516-0300 [DEBUG] [org.gradle.cache.internal.LockOnDemandCrossProcessCacheAccess] Releasing file lock for cache directory 3b268de149699a43476a9fe8efc2830d (C:\Users\Windows\Desktop\distributed-system\.gradle-cache\caches\9.3.1\groovy-dsl\3b268de149699a43476a9fe8efc2830d)
2026-03-15T23:54:46.516-0300 [DEBUG] [org.gradle.cache.internal.DefaultFileLockManager] Releasing lock on cache directory 3b268de149699a43476a9fe8efc2830d (C:\Users\Windows\Desktop\distributed-system\.gradle-cache\caches\9.3.1\groovy-dsl\3b268de149699a43476a9fe8efc2830d).
2026-03-15T23:54:46.517-0300 [DEBUG] [org.gradle.cache.internal.DefaultCacheCleanupExecutor] groovy-dsl (C:\Users\Windows\Desktop\distributed-system\.gradle-cache\caches\9.3.1\groovy-dsl) has last been fully cleaned up 0 hours ago
2026-03-15T23:54:46.517-0300 [DEBUG] [org.gradle.cache.internal.DefaultCacheCleanupExecutor] Skipping cleanup for groovy-dsl (C:\Users\Windows\Desktop\distributed-system\.gradle-cache\caches\9.3.1\groovy-dsl) as it is not yet due
2026-03-15T23:54:46.517-0300 [DEBUG] [org.gradle.cache.internal.DefaultCacheCoordinator] Cache groovy-dsl (C:\Users\Windows\Desktop\distributed-system\.gradle-cache\caches\9.3.1\groovy-dsl) was closed 0 times.
2026-03-15T23:54:46.519-0300 [DEBUG] [org.gradle.cache.internal.DefaultCacheCleanupExecutor] Artifact transforms cache (C:\Users\Windows\Desktop\distributed-system\.gradle-cache\caches\9.3.1\transforms) has last been fully cleaned up 0 hours ago
2026-03-15T23:54:46.519-0300 [DEBUG] [org.gradle.cache.internal.DefaultCacheCleanupExecutor] Skipping cleanup for Artifact transforms cache (C:\Users\Windows\Desktop\distributed-system\.gradle-cache\caches\9.3.1\transforms) as it is not yet due
2026-03-15T23:54:46.519-0300 [DEBUG] [org.gradle.cache.internal.DefaultCacheCoordinator] Cache Artifact transforms cache (C:\Users\Windows\Desktop\distributed-system\.gradle-cache\caches\9.3.1\transforms) was closed 0 times.
2026-03-15T23:54:46.520-0300 [DEBUG] [org.gradle.cache.internal.DefaultCacheCoordinator] Cache journal cache (C:\Users\Windows\Desktop\distributed-system\.gradle-cache\caches\journal-1) was closed 7 times.
2026-03-15T23:54:46.520-0300 [DEBUG] [org.gradle.cache.internal.DefaultCacheCoordinator] Cache file hash cache (C:\Users\Windows\Desktop\distributed-system\.gradle-cache\caches\9.3.1\fileHashes) was closed 8 times.
2026-03-15T23:54:46.522-0300 [DEBUG] [org.gradle.internal.operations.DefaultBuildOperationRunner] Build operation 'Deleting unused version-specific caches in C:\Users\Windows\Desktop\distributed-system\.gradle-cache\caches' started
2026-03-15T23:54:46.523-0300 [DEBUG] [org.gradle.internal.operations.DefaultBuildOperationRunner] Completing Build operation 'Deleting unused version-specific caches in C:\Users\Windows\Desktop\distributed-system\.gradle-cache\caches'
2026-03-15T23:54:46.523-0300 [DEBUG] [org.gradle.internal.operations.DefaultBuildOperationRunner] Build operation 'Deleting unused version-specific caches in C:\Users\Windows\Desktop\distributed-system\.gradle-cache\caches' completed
2026-03-15T23:54:46.524-0300 [DEBUG] [org.gradle.launcher.daemon.server.Daemon] stop() called on daemon
2026-03-15T23:54:46.524-0300 [INFO] [org.gradle.launcher.daemon.server.Daemon] Stop requested. Daemon is removing its presence from the registry...
2026-03-15T23:54:46.524-0300 [DEBUG] [org.gradle.launcher.daemon.server.DaemonRegistryUpdater] Removing our presence to clients, eg. removing this address from the registry: [b81d4cd5-004d-47c0-9f83-3255edf57c38 port:52258, addresses:[localhost/127.0.0.1]]
2026-03-15T23:54:46.524-0300 [DEBUG] [org.gradle.launcher.daemon.registry.PersistentDaemonRegistry] Removing daemon address: [b81d4cd5-004d-47c0-9f83-3255edf57c38 port:52258, addresses:[localhost/127.0.0.1]]
2026-03-15T23:54:46.526-0300 [DEBUG] [org.gradle.cache.internal.DefaultFileLockManager] Waiting to acquire exclusive lock on daemon addresses registry.
2026-03-15T23:54:46.527-0300 [DEBUG] [org.gradle.cache.internal.DefaultFileLockManager] Lock acquired on daemon addresses registry.
2026-03-15T23:54:46.528-0300 [DEBUG] [org.gradle.cache.internal.DefaultFileLockManager] Releasing lock on daemon addresses registry.
2026-03-15T23:54:46.529-0300 [DEBUG] [org.gradle.launcher.daemon.server.DaemonRegistryUpdater] Address removed from registry.
2026-03-15T23:54:46.530-0300 [DEBUG] [org.gradle.cache.internal.locklistener.DefaultFileLockContentionHandler] File lock listener thread completed.
2026-03-15T23:54:46.532-0300 [DEBUG] [java.lang.Runtime] Runtime.exit() called with status: 0
java.lang.Throwable: Runtime.exit(0)
	at java.base/java.lang.Shutdown.logRuntimeExit(Shutdown.java:179)
	at java.base/java.lang.Shutdown.exit(Shutdown.java:160)
	at java.base/java.lang.Runtime.exit(Runtime.java:188)
	at java.base/java.lang.System.exit(System.java:1920)
	at org.gradle.launcher.bootstrap.ProcessCompleter.complete(ProcessCompleter.java:21)
	at org.gradle.launcher.bootstrap.EntryPoint.run(EntryPoint.java:62)
	at java.base/jdk.internal.reflect.DirectMethodHandleAccessor.invoke(DirectMethodHandleAccessor.java:103)
	at java.base/java.lang.reflect.Method.invoke(Method.java:580)
	at org.gradle.launcher.bootstrap.ProcessBootstrap.runNoExit(ProcessBootstrap.java:72)
	at org.gradle.launcher.bootstrap.ProcessBootstrap.run(ProcessBootstrap.java:39)
	at org.gradle.launcher.daemon.bootstrap.GradleDaemon.main(GradleDaemon.java:22)
Daemon vm is shutting down... The daemon has exited normally or was terminated in response to a user interrupt.
2026-03-15T23:54:46.533-0300 [DEBUG] [org.gradle.launcher.daemon.registry.PersistentDaemonRegistry] Removing daemon address: [b81d4cd5-004d-47c0-9f83-3255edf57c38 port:52258, addresses:[localhost/127.0.0.1]]
2026-03-15T23:54:46.534-0300 [DEBUG] [org.gradle.launcher.daemon.server.Daemon] VM shutdown hook was unable to remove the daemon address from the registry. It will be cleaned up later.
java.lang.IllegalStateException: Cannot start managing file contention because this handler has been closed.
	at org.gradle.cache.internal.locklistener.DefaultFileLockContentionHandler.assertNotStopped(DefaultFileLockContentionHandler.java:267)
	at org.gradle.cache.internal.locklistener.DefaultFileLockContentionHandler.reservePort(DefaultFileLockContentionHandler.java:312)
	at org.gradle.cache.internal.DefaultFileLockManager.lock(DefaultFileLockManager.java:124)
	at org.gradle.cache.internal.DefaultFileLockManager.lock(DefaultFileLockManager.java:106)
	at org.gradle.cache.internal.DefaultFileLockManager.lock(DefaultFileLockManager.java:101)
	at org.gradle.cache.internal.OnDemandFileAccess.updateFile(OnDemandFileAccess.java:51)
	at org.gradle.cache.internal.FileBackedObjectHolder.update(FileBackedObjectHolder.java:77)
	at org.gradle.cache.internal.FileIntegrityViolationSuppressingObjectHolderDecorator.lambda$update$0(FileIntegrityViolationSuppressingObjectHolderDecorator.java:48)
	at org.gradle.cache.internal.FileIntegrityViolationSuppressingObjectHolderDecorator.doUpdate(FileIntegrityViolationSuppressingObjectHolderDecorator.java:58)
	at org.gradle.cache.internal.FileIntegrityViolationSuppressingObjectHolderDecorator.update(FileIntegrityViolationSuppressingObjectHolderDecorator.java:48)
	at org.gradle.launcher.daemon.registry.PersistentDaemonRegistry.remove(PersistentDaemonRegistry.java:133)
	at org.gradle.launcher.daemon.server.Daemon$1.run(Daemon.java:133)
	at java.base/java.lang.Thread.run(Thread.java:1583)
